<?xml version="1.0" encoding="UTF-8"?>
<testsuite xmlns:xsi="http://www.w3.org/2001/XMLSchema-instance" xsi:noNamespaceSchemaLocation="https://maven.apache.org/surefire/maven-surefire-plugin/xsd/surefire-test-report.xsd" name="com.example.helloworld.IntegrationTest" time="10.927" tests="11" errors="0" skipped="0" failures="0">
  <properties>
[...]
</properties>
  <testcase name="healthCheckShouldSucceed" classname="com.example.helloworld.IntegrationTest" time="3.533"/>
  <testcase name="testLogFileWritten" classname="com.example.helloworld.IntegrationTest" time="0"/>
  <testcase name="testPostPerson" classname="com.example.helloworld.IntegrationTest" time="0"/>
  <testcase name="testRenderingPerson{String}[1]" classname="com.example.helloworld.IntegrationTest" time="0.016"/>
  <testcase name="testRenderingPerson{String}[2]" classname="com.example.helloworld.IntegrationTest" time="0.001"/>
  <testcase name="testHelloWorld" classname="com.example.helloworld.IntegrationTest" time="0"/>
  <testcase name="noDateParameter" classname="com.example.helloworld.IntegrationTest$DateParameterTests" time="0.001"/>
  <testcase name="invalidDateParameter{String}[1]" classname="com.example.helloworld.IntegrationTest$DateParameterTests" time="0"/>
  <testcase name="invalidDateParameter{String}[2]" classname="com.example.helloworld.IntegrationTest$DateParameterTests" time="0"/>
  <testcase name="invalidDateParameter{String}[3]" classname="com.example.helloworld.IntegrationTest$DateParameterTests" time="0"/>
  <testcase name="validDateParameter" classname="com.example.helloworld.IntegrationTest$DateParameterTests" time="0.001"/>
</testsuite>